{"L:\\workspace\\mcp-server\\src\\index.js": {"path":"L:\\workspace\\mcp-server\\src\\index.js","statementMap":{"0":{"start":{"line":2,"column":0},"end":{"line":2,"column":39}}},"fnMap":{},"branchMap":{},"s":{"0":2},"f":{},"b":{},"inputSourceMap":null,"_coverageSchema":"1a1c01bbd47fc00a2c39e90264f33305004495a9","hash":"649ce527a859c569fb34cb3055d22f597c7c3533"}
,"L:\\workspace\\mcp-server\\src\\index.ts": {"path":"L:\\workspace\\mcp-server\\src\\index.ts","statementMap":{"0":{"start":{"line":299,"column":0},"end":{"line":299,"column":7}},"1":{"start":{"line":1,"column":0},"end":{"line":1,"column":53}},"2":{"start":{"line":2,"column":0},"end":{"line":2,"column":37}},"3":{"start":{"line":3,"column":0},"end":{"line":3,"column":24}},"4":{"start":{"line":5,"column":0},"end":{"line":5,"column":28}},"5":{"start":{"line":6,"column":0},"end":{"line":6,"column":66}},"6":{"start":{"line":8,"column":0},"end":{"line":8,"column":56}},"7":{"start":{"line":9,"column":0},"end":{"line":9,"column":46}},"8":{"start":{"line":10,"column":0},"end":{"line":10,"column":55}},"9":{"start":{"line":12,"column":0},"end":{"line":12,"column":53}},"10":{"start":{"line":13,"column":0},"end":{"line":13,"column":82}},"11":{"start":{"line":14,"column":0},"end":{"line":14,"column":53}},"12":{"start":{"line":17,"column":0},"end":{"line":17,"column":16}},"13":{"start":{"line":18,"column":13},"end":{"line":18,"column":37}},"14":{"start":{"line":19,"column":16},"end":{"line":19,"column":61}},"15":{"start":{"line":22,"column":15},"end":{"line":22,"column":48}},"16":{"start":{"line":25,"column":12},"end":{"line":25,"column":21}},"17":{"start":{"line":26,"column":0},"end":{"line":26,"column":16}},"18":{"start":{"line":27,"column":0},"end":{"line":27,"column":27}},"19":{"start":{"line":28,"column":0},"end":{"line":28,"column":31}},"20":{"start":{"line":31,"column":19},"end":{"line":31,"column":38}},"21":{"start":{"line":35,"column":2},"end":{"line":42,"column":5}},"22":{"start":{"line":36,"column":4},"end":{"line":41,"column":5}},"23":{"start":{"line":37,"column":6},"end":{"line":37,"column":59}},"24":{"start":{"line":39,"column":6},"end":{"line":39,"column":68}},"25":{"start":{"line":40,"column":6},"end":{"line":40,"column":32}},"26":{"start":{"line":46,"column":0},"end":{"line":46,"column":42}},"27":{"start":{"line":47,"column":0},"end":{"line":47,"column":32}},"28":{"start":{"line":50,"column":0},"end":{"line":96,"column":3}},"29":{"start":{"line":51,"column":2},"end":{"line":51,"column":46}},"30":{"start":{"line":54,"column":2},"end":{"line":59,"column":5}},"31":{"start":{"line":62,"column":28},"end":{"line":65,"column":4}},"32":{"start":{"line":66,"column":2},"end":{"line":66,"column":62}},"33":{"start":{"line":69,"column":17},"end":{"line":69,"column":20}},"34":{"start":{"line":70,"column":2},"end":{"line":70,"column":25}},"35":{"start":{"line":73,"column":18},"end":{"line":76,"column":3}},"36":{"start":{"line":74,"column":4},"end":{"line":74,"column":41}},"37":{"start":{"line":75,"column":4},"end":{"line":75,"column":30}},"38":{"start":{"line":78,"column":2},"end":{"line":78,"column":27}},"39":{"start":{"line":79,"column":2},"end":{"line":79,"column":27}},"40":{"start":{"line":82,"column":20},"end":{"line":92,"column":11}},"41":{"start":{"line":83,"column":4},"end":{"line":91,"column":5}},"42":{"start":{"line":84,"column":26},"end":{"line":86,"column":8}},"43":{"start":{"line":87,"column":6},"end":{"line":87,"column":63}},"44":{"start":{"line":89,"column":6},"end":{"line":89,"column":31}},"45":{"start":{"line":90,"column":6},"end":{"line":90,"column":16}},"46":{"start":{"line":95,"column":2},"end":{"line":95,"column":50}},"47":{"start":{"line":95,"column":24},"end":{"line":95,"column":48}},"48":{"start":{"line":99,"column":0},"end":{"line":148,"column":3}},"49":{"start":{"line":100,"column":2},"end":{"line":147,"column":3}},"50":{"start":{"line":101,"column":42},"end":{"line":101,"column":50}},"51":{"start":{"line":102,"column":29},"end":{"line":102,"column":70}},"52":{"start":{"line":104,"column":4},"end":{"line":108,"column":5}},"53":{"start":{"line":105,"column":26},"end":{"line":105,"column":62}},"54":{"start":{"line":106,"column":6},"end":{"line":106,"column":67}},"55":{"start":{"line":107,"column":6},"end":{"line":107,"column":88}},"56":{"start":{"line":110,"column":22},"end":{"line":110,"column":46}},"57":{"start":{"line":111,"column":28},"end":{"line":115,"column":6}},"58":{"start":{"line":117,"column":4},"end":{"line":121,"column":6}},"59":{"start":{"line":123,"column":4},"end":{"line":123,"column":60}},"60":{"start":{"line":125,"column":21},"end":{"line":136,"column":6}},"61":{"start":{"line":138,"column":4},"end":{"line":141,"column":7}},"62":{"start":{"line":143,"column":4},"end":{"line":143,"column":35}},"63":{"start":{"line":145,"column":4},"end":{"line":145,"column":72}},"64":{"start":{"line":146,"column":4},"end":{"line":146,"column":71}},"65":{"start":{"line":151,"column":0},"end":{"line":179,"column":3}},"66":{"start":{"line":152,"column":2},"end":{"line":178,"column":3}},"67":{"start":{"line":153,"column":20},"end":{"line":153,"column":30}},"68":{"start":{"line":154,"column":16},"end":{"line":154,"column":87}},"69":{"start":{"line":156,"column":4},"end":{"line":158,"column":5}},"70":{"start":{"line":157,"column":6},"end":{"line":157,"column":76}},"71":{"start":{"line":160,"column":32},"end":{"line":160,"column":35}},"72":{"start":{"line":161,"column":21},"end":{"line":172,"column":6}},"73":{"start":{"line":174,"column":4},"end":{"line":174,"column":23}},"74":{"start":{"line":176,"column":4},"end":{"line":176,"column":74}},"75":{"start":{"line":177,"column":4},"end":{"line":177,"column":71}},"76":{"start":{"line":182,"column":0},"end":{"line":260,"column":3}},"77":{"start":{"line":183,"column":2},"end":{"line":259,"column":3}},"78":{"start":{"line":184,"column":4},"end":{"line":186,"column":5}},"79":{"start":{"line":185,"column":6},"end":{"line":185,"column":79}},"80":{"start":{"line":188,"column":22},"end":{"line":188,"column":46}},"81":{"start":{"line":189,"column":20},"end":{"line":189,"column":22}},"82":{"start":{"line":190,"column":26},"end":{"line":190,"column":28}},"83":{"start":{"line":192,"column":4},"end":{"line":235,"column":5}},"84":{"start":{"line":193,"column":6},"end":{"line":234,"column":7}},"85":{"start":{"line":194,"column":33},"end":{"line":194,"column":54}},"86":{"start":{"line":195,"column":8},"end":{"line":202,"column":9}},"87":{"start":{"line":196,"column":10},"end":{"line":200,"column":13}},"88":{"start":{"line":201,"column":10},"end":{"line":201,"column":19}},"89":{"start":{"line":204,"column":32},"end":{"line":208,"column":10}},"90":{"start":{"line":210,"column":8},"end":{"line":214,"column":10}},"91":{"start":{"line":216,"column":23},"end":{"line":224,"column":10}},"92":{"start":{"line":226,"column":8},"end":{"line":226,"column":29}},"93":{"start":{"line":227,"column":8},"end":{"line":227,"column":35}},"94":{"start":{"line":229,"column":8},"end":{"line":233,"column":11}},"95":{"start":{"line":237,"column":21},"end":{"line":248,"column":6}},"96":{"start":{"line":250,"column":4},"end":{"line":253,"column":7}},"97":{"start":{"line":255,"column":4},"end":{"line":255,"column":23}},"98":{"start":{"line":257,"column":4},"end":{"line":257,"column":65}},"99":{"start":{"line":258,"column":4},"end":{"line":258,"column":71}},"100":{"start":{"line":263,"column":0},"end":{"line":296,"column":3}},"101":{"start":{"line":264,"column":2},"end":{"line":295,"column":3}},"102":{"start":{"line":265,"column":20},"end":{"line":265,"column":30}},"103":{"start":{"line":266,"column":19},"end":{"line":266,"column":74}},"104":{"start":{"line":268,"column":4},"end":{"line":270,"column":5}},"105":{"start":{"line":269,"column":6},"end":{"line":269,"column":76}},"106":{"start":{"line":272,"column":22},"end":{"line":272,"column":46}},"107":{"start":{"line":274,"column":21},"end":{"line":284,"column":6}},"108":{"start":{"line":286,"column":4},"end":{"line":289,"column":7}},"109":{"start":{"line":291,"column":4},"end":{"line":291,"column":23}},"110":{"start":{"line":293,"column":4},"end":{"line":293,"column":73}},"111":{"start":{"line":294,"column":4},"end":{"line":294,"column":71}},"112":{"start":{"line":300,"column":2},"end":{"line":317,"column":3}},"113":{"start":{"line":301,"column":4},"end":{"line":301,"column":43}},"114":{"start":{"line":302,"column":4},"end":{"line":308,"column":5}},"115":{"start":{"line":303,"column":6},"end":{"line":303,"column":53}},"116":{"start":{"line":304,"column":6},"end":{"line":304,"column":18}},"117":{"start":{"line":306,"column":6},"end":{"line":306,"column":77}},"118":{"start":{"line":307,"column":6},"end":{"line":307,"column":45}},"119":{"start":{"line":309,"column":4},"end":{"line":309,"column":59}},"120":{"start":{"line":310,"column":4},"end":{"line":310,"column":15}},"121":{"start":{"line":312,"column":18},"end":{"line":312,"column":30}},"122":{"start":{"line":313,"column":4},"end":{"line":315,"column":7}},"123":{"start":{"line":316,"column":4},"end":{"line":316,"column":16}},"124":{"start":{"line":321,"column":0},"end":{"line":327,"column":1}},"125":{"start":{"line":322,"column":2},"end":{"line":326,"column":5}},"126":{"start":{"line":323,"column":4},"end":{"line":325,"column":7}},"127":{"start":{"line":324,"column":6},"end":{"line":324,"column":69}}},"fnMap":{"0":{"name":"notifyClients","decl":{"start":{"line":34,"column":9},"end":{"line":34,"column":22}},"loc":{"start":{"line":34,"column":35},"end":{"line":43,"column":1}}},"1":{"name":"(anonymous_2)","decl":{"start":{"line":35,"column":21},"end":{"line":35,"column":27}},"loc":{"start":{"line":35,"column":30},"end":{"line":42,"column":3}}},"2":{"name":"(anonymous_3)","decl":{"start":{"line":50,"column":16},"end":{"line":50,"column":21}},"loc":{"start":{"line":50,"column":54},"end":{"line":96,"column":1}}},"3":{"name":"(anonymous_4)","decl":{"start":{"line":73,"column":18},"end":{"line":73,"column":21}},"loc":{"start":{"line":73,"column":23},"end":{"line":76,"column":3}}},"4":{"name":"(anonymous_5)","decl":{"start":{"line":82,"column":32},"end":{"line":82,"column":35}},"loc":{"start":{"line":82,"column":37},"end":{"line":92,"column":3}}},"5":{"name":"(anonymous_6)","decl":{"start":{"line":95,"column":18},"end":{"line":95,"column":21}},"loc":{"start":{"line":95,"column":24},"end":{"line":95,"column":48}}},"6":{"name":"(anonymous_7)","decl":{"start":{"line":99,"column":21},"end":{"line":99,"column":26}},"loc":{"start":{"line":99,"column":59},"end":{"line":148,"column":1}}},"7":{"name":"(anonymous_8)","decl":{"start":{"line":151,"column":25},"end":{"line":151,"column":30}},"loc":{"start":{"line":151,"column":63},"end":{"line":179,"column":1}}},"8":{"name":"(anonymous_9)","decl":{"start":{"line":182,"column":27},"end":{"line":182,"column":32}},"loc":{"start":{"line":182,"column":65},"end":{"line":260,"column":1}}},"9":{"name":"(anonymous_10)","decl":{"start":{"line":263,"column":28},"end":{"line":263,"column":33}},"loc":{"start":{"line":263,"column":66},"end":{"line":296,"column":1}}},"10":{"name":"initServer","decl":{"start":{"line":299,"column":22},"end":{"line":299,"column":32}},"loc":{"start":{"line":299,"column":50},"end":{"line":318,"column":1}}},"11":{"name":"(anonymous_12)","decl":{"start":{"line":322,"column":20},"end":{"line":322,"column":23}},"loc":{"start":{"line":322,"column":26},"end":{"line":326,"column":3}}},"12":{"name":"(anonymous_13)","decl":{"start":{"line":323,"column":21},"end":{"line":323,"column":24}},"loc":{"start":{"line":323,"column":26},"end":{"line":325,"column":5}}}},"branchMap":{"0":{"loc":{"start":{"line":18,"column":13},"end":{"line":18,"column":37}},"type":"binary-expr","locations":[{"start":{"line":18,"column":13},"end":{"line":18,"column":29}},{"start":{"line":18,"column":33},"end":{"line":18,"column":37}}]},"1":{"loc":{"start":{"line":19,"column":16},"end":{"line":19,"column":61}},"type":"binary-expr","locations":[{"start":{"line":19,"column":16},"end":{"line":19,"column":35}},{"start":{"line":19,"column":39},"end":{"line":19,"column":61}}]},"2":{"loc":{"start":{"line":101,"column":24},"end":{"line":101,"column":37}},"type":"default-arg","locations":[{"start":{"line":101,"column":35},"end":{"line":101,"column":37}}]},"3":{"loc":{"start":{"line":104,"column":4},"end":{"line":108,"column":5}},"type":"if","locations":[{"start":{"line":104,"column":4},"end":{"line":108,"column":5}}]},"4":{"loc":{"start":{"line":105,"column":26},"end":{"line":105,"column":62}},"type":"binary-expr","locations":[{"start":{"line":105,"column":26},"end":{"line":105,"column":56}},{"start":{"line":105,"column":60},"end":{"line":105,"column":62}}]},"5":{"loc":{"start":{"line":114,"column":12},"end":{"line":114,"column":38}},"type":"binary-expr","locations":[{"start":{"line":114,"column":12},"end":{"line":114,"column":25}},{"start":{"line":114,"column":29},"end":{"line":114,"column":38}}]},"6":{"loc":{"start":{"line":156,"column":4},"end":{"line":158,"column":5}},"type":"if","locations":[{"start":{"line":156,"column":4},"end":{"line":158,"column":5}}]},"7":{"loc":{"start":{"line":184,"column":4},"end":{"line":186,"column":5}},"type":"if","locations":[{"start":{"line":184,"column":4},"end":{"line":186,"column":5}}]},"8":{"loc":{"start":{"line":195,"column":8},"end":{"line":202,"column":9}},"type":"if","locations":[{"start":{"line":195,"column":8},"end":{"line":202,"column":9}}]},"9":{"loc":{"start":{"line":199,"column":19},"end":{"line":199,"column":71}},"type":"binary-expr","locations":[{"start":{"line":199,"column":19},"end":{"line":199,"column":49}},{"start":{"line":199,"column":53},"end":{"line":199,"column":71}}]},"10":{"loc":{"start":{"line":207,"column":16},"end":{"line":207,"column":46}},"type":"binary-expr","locations":[{"start":{"line":207,"column":16},"end":{"line":207,"column":35}},{"start":{"line":207,"column":39},"end":{"line":207,"column":46}}]},"11":{"loc":{"start":{"line":268,"column":4},"end":{"line":270,"column":5}},"type":"if","locations":[{"start":{"line":268,"column":4},"end":{"line":270,"column":5}}]},"12":{"loc":{"start":{"line":302,"column":4},"end":{"line":308,"column":5}},"type":"if","locations":[{"start":{"line":302,"column":4},"end":{"line":308,"column":5}},{"start":{"line":305,"column":11},"end":{"line":308,"column":5}}]},"13":{"loc":{"start":{"line":321,"column":0},"end":{"line":327,"column":1}},"type":"if","locations":[{"start":{"line":321,"column":0},"end":{"line":327,"column":1}}]}},"s":{"0":2,"1":2,"2":2,"3":2,"4":2,"5":2,"6":2,"7":2,"8":2,"9":2,"10":2,"11":2,"12":2,"13":2,"14":2,"15":2,"16":2,"17":2,"18":2,"19":2,"20":2,"21":2,"22":1,"23":1,"24":0,"25":0,"26":2,"27":2,"28":2,"29":6,"30":6,"31":6,"32":6,"33":6,"34":6,"35":6,"36":10,"37":10,"38":6,"39":6,"40":6,"41":0,"42":0,"43":0,"44":0,"45":0,"46":6,"47":5,"48":2,"49":7,"50":7,"51":7,"52":7,"53":1,"54":1,"55":1,"56":6,"57":6,"58":6,"59":0,"60":0,"61":0,"62":0,"63":6,"64":6,"65":2,"66":3,"67":3,"68":3,"69":0,"70":0,"71":0,"72":0,"73":0,"74":3,"75":3,"76":2,"77":2,"78":2,"79":0,"80":2,"81":2,"82":2,"83":2,"84":4,"85":4,"86":4,"87":0,"88":0,"89":4,"90":4,"91":0,"92":0,"93":0,"94":4,"95":2,"96":2,"97":2,"98":0,"99":0,"100":2,"101":1,"102":1,"103":1,"104":0,"105":0,"106":0,"107":0,"108":0,"109":0,"110":1,"111":1,"112":2,"113":2,"114":2,"115":2,"116":2,"117":0,"118":0,"119":2,"120":2,"121":0,"122":0,"123":0,"124":2,"125":0,"126":0,"127":0},"f":{"0":2,"1":1,"2":6,"3":10,"4":0,"5":5,"6":7,"7":3,"8":2,"9":1,"10":2,"11":0,"12":0},"b":{"0":[2,0],"1":[2,0],"2":[1],"3":[1],"4":[1,0],"5":[6,0],"6":[0],"7":[0],"8":[0],"9":[0,0],"10":[4,0],"11":[0],"12":[2,0],"13":[0]}}
,"L:\\workspace\\mcp-server\\src\\schemas.ts": {"path":"L:\\workspace\\mcp-server\\src\\schemas.ts","statementMap":{"0":{"start":{"line":1,"column":0},"end":{"line":1,"column":24}},"1":{"start":{"line":4,"column":13},"end":{"line":8,"column":3}},"2":{"start":{"line":10,"column":13},"end":{"line":10,"column":57}}},"fnMap":{},"branchMap":{},"s":{"0":3,"1":3,"2":3},"f":{},"b":{}}
,"L:\\workspace\\mcp-server\\src\\config\\database.ts": {"path":"L:\\workspace\\mcp-server\\src\\config\\database.ts","statementMap":{"0":{"start":{"line":1,"column":0},"end":{"line":1,"column":35}},"1":{"start":{"line":2,"column":0},"end":{"line":2,"column":30}},"2":{"start":{"line":4,"column":34},"end":{"line":20,"column":1}},"3":{"start":{"line":5,"column":13},"end":{"line":9,"column":4}},"4":{"start":{"line":11,"column":2},"end":{"line":17,"column":5}},"5":{"start":{"line":19,"column":2},"end":{"line":19,"column":12}},"6":{"start":{"line":4,"column":13},"end":{"line":4,"column":34}}},"fnMap":{"0":{"name":"(anonymous_9)","decl":{"start":{"line":4,"column":34},"end":{"line":4,"column":39}},"loc":{"start":{"line":4,"column":59},"end":{"line":20,"column":1}}}},"branchMap":{},"s":{"0":2,"1":2,"2":2,"3":0,"4":0,"5":0,"6":2},"f":{"0":0},"b":{}}
,"L:\\workspace\\mcp-server\\src\\config\\test-database.ts": {"path":"L:\\workspace\\mcp-server\\src\\config\\test-database.ts","statementMap":{"0":{"start":{"line":1,"column":0},"end":{"line":1,"column":35}},"1":{"start":{"line":2,"column":0},"end":{"line":2,"column":30}},"2":{"start":{"line":4,"column":38},"end":{"line":19,"column":1}},"3":{"start":{"line":5,"column":13},"end":{"line":8,"column":4}},"4":{"start":{"line":10,"column":2},"end":{"line":16,"column":5}},"5":{"start":{"line":18,"column":2},"end":{"line":18,"column":12}},"6":{"start":{"line":4,"column":13},"end":{"line":4,"column":38}}},"fnMap":{"0":{"name":"(anonymous_9)","decl":{"start":{"line":4,"column":38},"end":{"line":4,"column":43}},"loc":{"start":{"line":4,"column":49},"end":{"line":19,"column":1}}}},"branchMap":{},"s":{"0":2,"1":2,"2":2,"3":2,"4":2,"5":2,"6":2},"f":{"0":2},"b":{}}
,"L:\\workspace\\mcp-server\\src\\middleware\\content-type.ts": {"path":"L:\\workspace\\mcp-server\\src\\middleware\\content-type.ts","statementMap":{"0":{"start":{"line":4,"column":37},"end":{"line":7,"column":1}},"1":{"start":{"line":5,"column":2},"end":{"line":5,"column":45}},"2":{"start":{"line":6,"column":2},"end":{"line":6,"column":9}},"3":{"start":{"line":4,"column":13},"end":{"line":4,"column":37}}},"fnMap":{"0":{"name":"(anonymous_0)","decl":{"start":{"line":4,"column":37},"end":{"line":4,"column":38}},"loc":{"start":{"line":4,"column":89},"end":{"line":7,"column":1}}}},"branchMap":{},"s":{"0":3,"1":23,"2":23,"3":3},"f":{"0":23},"b":{}}
,"L:\\workspace\\mcp-server\\src\\routes\\capabilities.ts": {"path":"L:\\workspace\\mcp-server\\src\\routes\\capabilities.ts","statementMap":{"0":{"start":{"line":3,"column":31},"end":{"line":16,"column":1}},"1":{"start":{"line":4,"column":2},"end":{"line":15,"column":5}},"2":{"start":{"line":3,"column":13},"end":{"line":3,"column":31}}},"fnMap":{"0":{"name":"(anonymous_0)","decl":{"start":{"line":3,"column":31},"end":{"line":3,"column":32}},"loc":{"start":{"line":3,"column":63},"end":{"line":16,"column":1}}}},"branchMap":{},"s":{"0":3,"1":3,"2":3},"f":{"0":3},"b":{}}
,"L:\\workspace\\mcp-server\\src\\routes\\health.ts": {"path":"L:\\workspace\\mcp-server\\src\\routes\\health.ts","statementMap":{"0":{"start":{"line":3,"column":27},"end":{"line":8,"column":1}},"1":{"start":{"line":4,"column":2},"end":{"line":7,"column":5}},"2":{"start":{"line":3,"column":13},"end":{"line":3,"column":27}}},"fnMap":{"0":{"name":"(anonymous_0)","decl":{"start":{"line":3,"column":27},"end":{"line":3,"column":28}},"loc":{"start":{"line":3,"column":59},"end":{"line":8,"column":1}}}},"branchMap":{},"s":{"0":3,"1":2,"2":3},"f":{"0":2},"b":{}}
,"L:\\workspace\\mcp-server\\src\\types\\mcp.ts": {"path":"L:\\workspace\\mcp-server\\src\\types\\mcp.ts","statementMap":{"0":{"start":{"line":26,"column":0},"end":{"line":26,"column":16}},"1":{"start":{"line":34,"column":0},"end":{"line":34,"column":16}},"2":{"start":{"line":46,"column":0},"end":{"line":46,"column":16}},"3":{"start":{"line":1,"column":0},"end":{"line":1,"column":24}},"4":{"start":{"line":27,"column":2},"end":{"line":31,"column":4}},"5":{"start":{"line":35,"column":2},"end":{"line":43,"column":4}},"6":{"start":{"line":47,"column":2},"end":{"line":52,"column":4}},"7":{"start":{"line":56,"column":13},"end":{"line":60,"column":3}},"8":{"start":{"line":62,"column":13},"end":{"line":70,"column":3}},"9":{"start":{"line":72,"column":13},"end":{"line":77,"column":3}}},"fnMap":{"0":{"name":"createMCPResponse","decl":{"start":{"line":26,"column":16},"end":{"line":26,"column":33}},"loc":{"start":{"line":26,"column":66},"end":{"line":32,"column":1}}},"1":{"name":"createMCPError","decl":{"start":{"line":34,"column":16},"end":{"line":34,"column":30}},"loc":{"start":{"line":34,"column":94},"end":{"line":44,"column":1}}},"2":{"name":"createMCPMessage","decl":{"start":{"line":46,"column":16},"end":{"line":46,"column":32}},"loc":{"start":{"line":46,"column":83},"end":{"line":53,"column":1}}}},"branchMap":{},"s":{"0":2,"1":2,"2":2,"3":2,"4":0,"5":11,"6":6,"7":2,"8":2,"9":2},"f":{"0":0,"1":11,"2":6},"b":{}}
,"L:\\workspace\\mcp-server\\src\\utils\\context-utils.ts": {"path":"L:\\workspace\\mcp-server\\src\\utils\\context-utils.ts","statementMap":{"0":{"start":{"line":11,"column":0},"end":{"line":11,"column":16}},"1":{"start":{"line":20,"column":0},"end":{"line":20,"column":16}},"2":{"start":{"line":25,"column":0},"end":{"line":25,"column":16}},"3":{"start":{"line":1,"column":0},"end":{"line":1,"column":24}},"4":{"start":{"line":12,"column":17},"end":{"line":12,"column":46}},"5":{"start":{"line":13,"column":2},"end":{"line":15,"column":3}},"6":{"start":{"line":14,"column":4},"end":{"line":14,"column":64}},"7":{"start":{"line":16,"column":2},"end":{"line":16,"column":21}},"8":{"start":{"line":21,"column":2},"end":{"line":21,"column":52}},"9":{"start":{"line":26,"column":2},"end":{"line":30,"column":3}},"10":{"start":{"line":27,"column":4},"end":{"line":27,"column":43}},"11":{"start":{"line":29,"column":4},"end":{"line":29,"column":14}},"12":{"start":{"line":34,"column":13},"end":{"line":38,"column":3}}},"fnMap":{"0":{"name":"validateContext","decl":{"start":{"line":11,"column":16},"end":{"line":11,"column":31}},"loc":{"start":{"line":11,"column":45},"end":{"line":17,"column":1}}},"1":{"name":"serializeMetadata","decl":{"start":{"line":20,"column":16},"end":{"line":20,"column":33}},"loc":{"start":{"line":20,"column":64},"end":{"line":22,"column":1}}},"2":{"name":"parseMetadata","decl":{"start":{"line":25,"column":16},"end":{"line":25,"column":29}},"loc":{"start":{"line":25,"column":49},"end":{"line":31,"column":1}}}},"branchMap":{"0":{"loc":{"start":{"line":13,"column":2},"end":{"line":15,"column":3}},"type":"if","locations":[{"start":{"line":13,"column":2},"end":{"line":15,"column":3}}]},"1":{"loc":{"start":{"line":21,"column":9},"end":{"line":21,"column":51}},"type":"cond-expr","locations":[{"start":{"line":21,"column":20},"end":{"line":21,"column":44}},{"start":{"line":21,"column":47},"end":{"line":21,"column":51}}]},"2":{"loc":{"start":{"line":27,"column":22},"end":{"line":27,"column":41}},"type":"binary-expr","locations":[{"start":{"line":27,"column":22},"end":{"line":27,"column":33}},{"start":{"line":27,"column":37},"end":{"line":27,"column":41}}]}},"s":{"0":1,"1":1,"2":1,"3":1,"4":4,"5":4,"6":1,"7":3,"8":2,"9":3,"10":3,"11":1,"12":1},"f":{"0":4,"1":2,"2":3},"b":{"0":[1],"1":[1,1],"2":[3,1]}}
,"L:\\workspace\\mcp-server\\src\\utils\\logger.ts": {"path":"L:\\workspace\\mcp-server\\src\\utils\\logger.ts","statementMap":{"0":{"start":{"line":106,"column":0},"end":{"line":106,"column":16}},"1":{"start":{"line":1,"column":0},"end":{"line":1,"column":30}},"2":{"start":{"line":2,"column":0},"end":{"line":2,"column":35}},"3":{"start":{"line":3,"column":0},"end":{"line":3,"column":24}},"4":{"start":{"line":4,"column":0},"end":{"line":4,"column":28}},"5":{"start":{"line":6,"column":0},"end":{"line":6,"column":16}},"6":{"start":{"line":9,"column":15},"end":{"line":15,"column":2}},"7":{"start":{"line":18,"column":15},"end":{"line":24,"column":2}},"8":{"start":{"line":27,"column":0},"end":{"line":27,"column":26}},"9":{"start":{"line":30,"column":19},"end":{"line":33,"column":null}},"10":{"start":{"line":37,"column":22},"end":{"line":45,"column":null}},"11":{"start":{"line":41,"column":21},"end":{"line":41,"column":61}},"12":{"start":{"line":42,"column":4},"end":{"line":44,"column":7}},"13":{"start":{"line":49,"column":19},"end":{"line":56,"column":null}},"14":{"start":{"line":52,"column":21},"end":{"line":52,"column":61}},"15":{"start":{"line":53,"column":4},"end":{"line":55,"column":7}},"16":{"start":{"line":60,"column":40},"end":{"line":69,"column":2}},"17":{"start":{"line":72,"column":0},"end":{"line":95,"column":1}},"18":{"start":{"line":73,"column":2},"end":{"line":94,"column":4}},"19":{"start":{"line":98,"column":15},"end":{"line":103,"column":2}},"20":{"start":{"line":107,"column":2},"end":{"line":113,"column":4}},"21":{"start":{"line":108,"column":43},"end":{"line":108,"column":88}},"22":{"start":{"line":109,"column":42},"end":{"line":109,"column":86}},"23":{"start":{"line":110,"column":42},"end":{"line":110,"column":86}},"24":{"start":{"line":111,"column":42},"end":{"line":111,"column":86}},"25":{"start":{"line":112,"column":43},"end":{"line":112,"column":88}},"26":{"start":{"line":116,"column":0},"end":{"line":116,"column":22}}},"fnMap":{"0":{"name":"(anonymous_1)","decl":{"start":{"line":40,"column":24},"end":{"line":40,"column":25}},"loc":{"start":{"line":40,"column":33},"end":{"line":45,"column":3}}},"1":{"name":"(anonymous_2)","decl":{"start":{"line":51,"column":24},"end":{"line":51,"column":25}},"loc":{"start":{"line":51,"column":33},"end":{"line":56,"column":3}}},"2":{"name":"createContextLogger","decl":{"start":{"line":106,"column":16},"end":{"line":106,"column":35}},"loc":{"start":{"line":106,"column":51},"end":{"line":114,"column":1}}},"3":{"name":"(anonymous_4)","decl":{"start":{"line":108,"column":11},"end":{"line":108,"column":12}},"loc":{"start":{"line":108,"column":43},"end":{"line":108,"column":88}}},"4":{"name":"(anonymous_5)","decl":{"start":{"line":109,"column":10},"end":{"line":109,"column":11}},"loc":{"start":{"line":109,"column":42},"end":{"line":109,"column":86}}},"5":{"name":"(anonymous_6)","decl":{"start":{"line":110,"column":10},"end":{"line":110,"column":11}},"loc":{"start":{"line":110,"column":42},"end":{"line":110,"column":86}}},"6":{"name":"(anonymous_7)","decl":{"start":{"line":111,"column":10},"end":{"line":111,"column":11}},"loc":{"start":{"line":111,"column":42},"end":{"line":111,"column":86}}},"7":{"name":"(anonymous_8)","decl":{"start":{"line":112,"column":11},"end":{"line":112,"column":12}},"loc":{"start":{"line":112,"column":43},"end":{"line":112,"column":88}}}},"branchMap":{"0":{"loc":{"start":{"line":43,"column":6},"end":{"line":43,"column":null}},"type":"cond-expr","locations":[{"start":{"line":43,"column":37},"end":{"line":43,"column":67}},{"start":{"line":43,"column":70},"end":{"line":43,"column":null}}]},"1":{"loc":{"start":{"line":54,"column":6},"end":{"line":54,"column":null}},"type":"cond-expr","locations":[{"start":{"line":54,"column":37},"end":{"line":54,"column":67}},{"start":{"line":54,"column":70},"end":{"line":54,"column":null}}]},"2":{"loc":{"start":{"line":63,"column":11},"end":{"line":63,"column":42}},"type":"binary-expr","locations":[{"start":{"line":63,"column":11},"end":{"line":63,"column":32}},{"start":{"line":63,"column":36},"end":{"line":63,"column":42}}]},"3":{"loc":{"start":{"line":72,"column":0},"end":{"line":95,"column":1}},"type":"if","locations":[{"start":{"line":72,"column":0},"end":{"line":95,"column":1}}]},"4":{"loc":{"start":{"line":99,"column":9},"end":{"line":99,"column":40}},"type":"binary-expr","locations":[{"start":{"line":99,"column":9},"end":{"line":99,"column":30}},{"start":{"line":99,"column":34},"end":{"line":99,"column":40}}]},"5":{"loc":{"start":{"line":108,"column":29},"end":{"line":108,"column":38}},"type":"default-arg","locations":[{"start":{"line":108,"column":36},"end":{"line":108,"column":38}}]},"6":{"loc":{"start":{"line":109,"column":28},"end":{"line":109,"column":37}},"type":"default-arg","locations":[{"start":{"line":109,"column":35},"end":{"line":109,"column":37}}]},"7":{"loc":{"start":{"line":110,"column":28},"end":{"line":110,"column":37}},"type":"default-arg","locations":[{"start":{"line":110,"column":35},"end":{"line":110,"column":37}}]},"8":{"loc":{"start":{"line":111,"column":28},"end":{"line":111,"column":37}},"type":"default-arg","locations":[{"start":{"line":111,"column":35},"end":{"line":111,"column":37}}]},"9":{"loc":{"start":{"line":112,"column":29},"end":{"line":112,"column":38}},"type":"default-arg","locations":[{"start":{"line":112,"column":36},"end":{"line":112,"column":38}}]}},"s":{"0":2,"1":2,"2":2,"3":2,"4":2,"5":2,"6":2,"7":2,"8":2,"9":2,"10":2,"11":31,"12":31,"13":2,"14":41,"15":41,"16":2,"17":2,"18":2,"19":2,"20":2,"21":10,"22":1,"23":20,"24":0,"25":2,"26":2},"f":{"0":31,"1":41,"2":2,"3":10,"4":1,"5":20,"6":0,"7":2},"b":{"0":[11,20],"1":[21,20],"2":[2,2],"3":[2],"4":[2,2],"5":[0],"6":[0],"7":[20],"8":[0],"9":[2]}}
,"L:\\workspace\\mcp-server\\src\\utils\\validation.ts": {"path":"L:\\workspace\\mcp-server\\src\\utils\\validation.ts","statementMap":{"0":{"start":{"line":9,"column":0},"end":{"line":9,"column":16}},"1":{"start":{"line":1,"column":0},"end":{"line":1,"column":43}},"2":{"start":{"line":10,"column":17},"end":{"line":10,"column":49}},"3":{"start":{"line":12,"column":2},"end":{"line":17,"column":3}},"4":{"start":{"line":13,"column":4},"end":{"line":16,"column":6}},"5":{"start":{"line":19,"column":2},"end":{"line":21,"column":4}}},"fnMap":{"0":{"name":"validateContext","decl":{"start":{"line":9,"column":16},"end":{"line":9,"column":31}},"loc":{"start":{"line":9,"column":48},"end":{"line":22,"column":1}}}},"branchMap":{"0":{"loc":{"start":{"line":12,"column":2},"end":{"line":17,"column":3}},"type":"if","locations":[{"start":{"line":12,"column":2},"end":{"line":17,"column":3}}]}},"s":{"0":3,"1":3,"2":21,"3":21,"4":8,"5":13},"f":{"0":21},"b":{"0":[8]}}
}
