TN:
SF:src\index.js
FNF:0
FNH:0
DA:2,2
LF:1
LH:1
BRF:0
BRH:0
end_of_record
TN:
SF:src\index.ts
FN:34,notifyClients
FN:35,(anonymous_2)
FN:50,(anonymous_3)
FN:73,(anonymous_4)
FN:82,(anonymous_5)
FN:95,(anonymous_6)
FN:99,(anonymous_7)
FN:151,(anonymous_8)
FN:182,(anonymous_9)
FN:263,(anonymous_10)
FN:299,initServer
FN:322,(anonymous_12)
FN:323,(anonymous_13)
FNF:13
FNH:10
FNDA:2,notifyClients
FNDA:1,(anonymous_2)
FNDA:6,(anonymous_3)
FNDA:10,(anonymous_4)
FNDA:0,(anonymous_5)
FNDA:5,(anonymous_6)
FNDA:7,(anonymous_7)
FNDA:3,(anonymous_8)
FNDA:2,(anonymous_9)
FNDA:1,(anonymous_10)
FNDA:2,initServer
FNDA:0,(anonymous_12)
FNDA:0,(anonymous_13)
DA:1,2
DA:2,2
DA:3,2
DA:5,2
DA:6,2
DA:8,2
DA:9,2
DA:10,2
DA:12,2
DA:13,2
DA:14,2
DA:17,2
DA:18,2
DA:19,2
DA:22,2
DA:25,2
DA:26,2
DA:27,2
DA:28,2
DA:31,2
DA:35,2
DA:36,1
DA:37,1
DA:39,0
DA:40,0
DA:46,2
DA:47,2
DA:50,2
DA:51,6
DA:54,6
DA:62,6
DA:66,6
DA:69,6
DA:70,6
DA:73,6
DA:74,10
DA:75,10
DA:78,6
DA:79,6
DA:82,6
DA:83,0
DA:84,0
DA:87,0
DA:89,0
DA:90,0
DA:95,6
DA:99,2
DA:100,7
DA:101,7
DA:102,7
DA:104,7
DA:105,1
DA:106,1
DA:107,1
DA:110,6
DA:111,6
DA:117,6
DA:123,0
DA:125,0
DA:138,0
DA:143,0
DA:145,6
DA:146,6
DA:151,2
DA:152,3
DA:153,3
DA:154,3
DA:156,0
DA:157,0
DA:160,0
DA:161,0
DA:174,0
DA:176,3
DA:177,3
DA:182,2
DA:183,2
DA:184,2
DA:185,0
DA:188,2
DA:189,2
DA:190,2
DA:192,2
DA:193,4
DA:194,4
DA:195,4
DA:196,0
DA:201,0
DA:204,4
DA:210,4
DA:216,0
DA:226,0
DA:227,0
DA:229,4
DA:237,2
DA:250,2
DA:255,2
DA:257,0
DA:258,0
DA:263,2
DA:264,1
DA:265,1
DA:266,1
DA:268,0
DA:269,0
DA:272,0
DA:274,0
DA:286,0
DA:291,0
DA:293,1
DA:294,1
DA:299,2
DA:300,2
DA:301,2
DA:302,2
DA:303,2
DA:304,2
DA:306,0
DA:307,0
DA:309,2
DA:310,2
DA:312,0
DA:313,0
DA:316,0
DA:321,2
DA:322,0
DA:323,0
DA:324,0
LF:127
LH:89
BRDA:18,0,0,2
BRDA:18,0,1,0
BRDA:19,1,0,2
BRDA:19,1,1,0
BRDA:101,2,0,1
BRDA:104,3,0,1
BRDA:105,4,0,1
BRDA:105,4,1,0
BRDA:114,5,0,6
BRDA:114,5,1,0
BRDA:156,6,0,0
BRDA:184,7,0,0
BRDA:195,8,0,0
BRDA:199,9,0,0
BRDA:199,9,1,0
BRDA:207,10,0,4
BRDA:207,10,1,0
BRDA:268,11,0,0
BRDA:302,12,0,2
BRDA:302,12,1,0
BRDA:321,13,0,0
BRF:21
BRH:8
end_of_record
TN:
SF:src\schemas.ts
FNF:0
FNH:0
DA:1,3
DA:4,3
DA:10,3
LF:3
LH:3
BRF:0
BRH:0
end_of_record
TN:
SF:src\config\database.ts
FN:4,(anonymous_9)
FNF:1
FNH:0
FNDA:0,(anonymous_9)
DA:1,2
DA:2,2
DA:4,2
DA:5,0
DA:11,0
DA:19,0
LF:6
LH:3
BRF:0
BRH:0
end_of_record
TN:
SF:src\config\test-database.ts
FN:4,(anonymous_9)
FNF:1
FNH:1
FNDA:2,(anonymous_9)
DA:1,2
DA:2,2
DA:4,2
DA:5,2
DA:10,2
DA:18,2
LF:6
LH:6
BRF:0
BRH:0
end_of_record
TN:
SF:src\middleware\content-type.ts
FN:4,(anonymous_0)
FNF:1
FNH:1
FNDA:23,(anonymous_0)
DA:4,3
DA:5,23
DA:6,23
LF:3
LH:3
BRF:0
BRH:0
end_of_record
TN:
SF:src\routes\capabilities.ts
FN:3,(anonymous_0)
FNF:1
FNH:1
FNDA:3,(anonymous_0)
DA:3,3
DA:4,3
LF:2
LH:2
BRF:0
BRH:0
end_of_record
TN:
SF:src\routes\health.ts
FN:3,(anonymous_0)
FNF:1
FNH:1
FNDA:2,(anonymous_0)
DA:3,3
DA:4,2
LF:2
LH:2
BRF:0
BRH:0
end_of_record
TN:
SF:src\types\mcp.ts
FN:26,createMCPResponse
FN:34,createMCPError
FN:46,createMCPMessage
FNF:3
FNH:2
FNDA:0,createMCPResponse
FNDA:11,createMCPError
FNDA:6,createMCPMessage
DA:1,2
DA:26,2
DA:27,0
DA:34,2
DA:35,11
DA:46,2
DA:47,6
DA:56,2
DA:62,2
DA:72,2
LF:10
LH:9
BRF:0
BRH:0
end_of_record
TN:
SF:src\utils\context-utils.ts
FN:11,validateContext
FN:20,serializeMetadata
FN:25,parseMetadata
FNF:3
FNH:3
FNDA:4,validateContext
FNDA:2,serializeMetadata
FNDA:3,parseMetadata
DA:1,1
DA:11,1
DA:12,4
DA:13,4
DA:14,1
DA:16,3
DA:20,1
DA:21,2
DA:25,1
DA:26,3
DA:27,3
DA:29,1
DA:34,1
LF:13
LH:13
BRDA:13,0,0,1
BRDA:21,1,0,1
BRDA:21,1,1,1
BRDA:27,2,0,3
BRDA:27,2,1,1
BRF:5
BRH:5
end_of_record
TN:
SF:src\utils\logger.ts
FN:40,(anonymous_1)
FN:51,(anonymous_2)
FN:106,createContextLogger
FN:108,(anonymous_4)
FN:109,(anonymous_5)
FN:110,(anonymous_6)
FN:111,(anonymous_7)
FN:112,(anonymous_8)
FNF:8
FNH:7
FNDA:31,(anonymous_1)
FNDA:41,(anonymous_2)
FNDA:2,createContextLogger
FNDA:10,(anonymous_4)
FNDA:1,(anonymous_5)
FNDA:20,(anonymous_6)
FNDA:0,(anonymous_7)
FNDA:2,(anonymous_8)
DA:1,2
DA:2,2
DA:3,2
DA:4,2
DA:6,2
DA:9,2
DA:18,2
DA:27,2
DA:30,2
DA:37,2
DA:41,31
DA:42,31
DA:49,2
DA:52,41
DA:53,41
DA:60,2
DA:72,2
DA:73,2
DA:98,2
DA:106,2
DA:107,2
DA:108,10
DA:109,1
DA:110,20
DA:111,0
DA:112,2
DA:116,2
LF:27
LH:26
BRDA:43,0,0,11
BRDA:43,0,1,20
BRDA:54,1,0,21
BRDA:54,1,1,20
BRDA:63,2,0,2
BRDA:63,2,1,2
BRDA:72,3,0,2
BRDA:99,4,0,2
BRDA:99,4,1,2
BRDA:108,5,0,0
BRDA:109,6,0,0
BRDA:110,7,0,20
BRDA:111,8,0,0
BRDA:112,9,0,2
BRF:14
BRH:11
end_of_record
TN:
SF:src\utils\validation.ts
FN:9,validateContext
FNF:1
FNH:1
FNDA:21,validateContext
DA:1,3
DA:9,3
DA:10,21
DA:12,21
DA:13,8
DA:19,13
LF:6
LH:6
BRDA:12,0,0,8
BRF:1
BRH:1
end_of_record
